2025-12-03 19:22:10,765 - ETLPipeline - INFO - ============================================================
2025-12-03 19:22:10,765 - ETLPipeline - INFO - STARTING ETL PIPELINE
2025-12-03 19:22:10,767 - ETLPipeline - INFO - ============================================================
2025-12-03 19:22:10,768 - ETLPipeline - INFO - Pipeline ID: etl_20251203_192210
2025-12-03 19:22:10,768 - ETLPipeline - INFO - Configuration: config.yaml
2025-12-03 19:22:10,768 - ETLPipeline - INFO - Loading source data...
2025-12-03 19:22:10,946 - ETLPipeline - INFO - Loaded 50,000 rows from SupportTickets_50k.csv
2025-12-03 19:22:10,947 - ETLPipeline - INFO - Columns: ['ticket_id', 'subject', 'description', 'priority', 'status', 'category', 'origin', 'customer_id', 'assigned_agent', 'created_at', 'resolved_at', 'sla_breached', 'product', 'channel', 'severity']
2025-12-03 19:22:10,972 - ETLPipeline - INFO - ==================================================
2025-12-03 19:22:10,973 - ETLPipeline - INFO - STARTING CLEANING STEP
2025-12-03 19:22:10,973 - ETLPipeline - INFO - ==================================================
2025-12-03 19:22:10,973 - DataCleaner - INFO - Starting data cleaning pipeline...
2025-12-03 19:22:10,974 - DataCleaner - INFO - Removing impossible data...
2025-12-03 19:22:11,140 - DataCleaner - INFO - Removed 337 records with impossible data:
2025-12-03 19:22:11,140 - DataCleaner - INFO -   - Date logic violations: 0
2025-12-03 19:22:11,140 - DataCleaner - INFO -   - Negative ticket IDs: 0
2025-12-03 19:22:11,140 - DataCleaner - INFO -   - Invalid dates: 337
2025-12-03 19:22:11,141 - DataCleaner - INFO - Handling missing values...
2025-12-03 19:22:11,146 - DataCleaner - INFO - Column 'description': 5055 missing values (10.18%)
2025-12-03 19:22:11,151 - DataCleaner - INFO - Column 'category': 7337 missing values (14.77%)
2025-12-03 19:22:11,156 - DataCleaner - INFO - Column 'assigned_agent': 14923 missing values (30.05%)
2025-12-03 19:22:11,157 - DataCleaner - INFO - Column 'resolved_at': 9916 missing values (19.97%)
2025-12-03 19:22:11,160 - DataCleaner - INFO - Column 'product': 9903 missing values (19.94%)
2025-12-03 19:22:11,183 - DataCleaner - INFO - Filled 14923 missing values in 'assigned_agent' with 'Unassigned'
2025-12-03 19:22:11,191 - DataCleaner - INFO - Filled 9903 missing values in 'product' with 'Unknown'
2025-12-03 19:22:11,198 - DataCleaner - INFO - Removing duplicates...
2025-12-03 19:22:11,291 - DataCleaner - INFO - Removed 0 duplicate records:
2025-12-03 19:22:11,292 - DataCleaner - INFO -   - Exact duplicate rows: 0
2025-12-03 19:22:11,293 - DataCleaner - INFO -   - Duplicate ticket IDs: 0
2025-12-03 19:22:11,295 - DataCleaner - INFO - Normalizing text fields...
2025-12-03 19:22:11,504 - DataCleaner - INFO - Total text normalization changes: 0
2025-12-03 19:22:11,504 - DataCleaner - INFO - Data cleaning completed: 50,000 -> 49,663 rows
2025-12-03 19:22:11,505 - ETLPipeline - INFO - Cleaning completed successfully
2025-12-03 19:22:11,505 - ETLPipeline - INFO - Rows: 50,000 -> 49,663
2025-12-03 19:22:11,508 - ETLPipeline - INFO - ==================================================
2025-12-03 19:22:11,508 - ETLPipeline - INFO - STARTING TRANSFORMATION STEP
2025-12-03 19:22:11,509 - ETLPipeline - INFO - ==================================================
2025-12-03 19:22:11,509 - DataTransformer - INFO - Starting data transformation pipeline...
2025-12-03 19:22:11,509 - DataTransformer - INFO - Converting data types...
2025-12-03 19:22:11,510 - DataTransformer - INFO - Converted 'ticket_id': int64 -> int
2025-12-03 19:22:11,511 - DataTransformer - INFO - Converted 'customer_id': int64 -> int
2025-12-03 19:22:11,520 - DataTransformer - INFO - Converted 'created_at': datetime64[ns, UTC] -> datetime
2025-12-03 19:22:11,528 - DataTransformer - INFO - Converted 'resolved_at': datetime64[ns, UTC] -> datetime
2025-12-03 19:22:11,529 - DataTransformer - INFO - Converted 'sla_breached': bool -> bool
2025-12-03 19:22:11,532 - DataTransformer - INFO - Converted 'subject': object -> string
2025-12-03 19:22:11,534 - DataTransformer - INFO - Converted 'description': object -> string
2025-12-03 19:22:11,540 - DataTransformer - INFO - Converted 'priority': object -> category
2025-12-03 19:22:11,546 - DataTransformer - INFO - Converted 'status': object -> category
2025-12-03 19:22:11,552 - DataTransformer - INFO - Converted 'category': object -> category
2025-12-03 19:22:11,557 - DataTransformer - INFO - Converted 'origin': object -> category
2025-12-03 19:22:11,559 - DataTransformer - INFO - Converted 'assigned_agent': object -> string
2025-12-03 19:22:11,563 - DataTransformer - INFO - Converted 'product': object -> category
2025-12-03 19:22:11,568 - DataTransformer - INFO - Converted 'channel': object -> category
2025-12-03 19:22:11,573 - DataTransformer - INFO - Converted 'severity': object -> category
2025-12-03 19:22:11,574 - DataTransformer - INFO - Creating derived columns...
2025-12-03 19:22:11,834 - DataTransformer - INFO - Created 22 derived columns
2025-12-03 19:22:11,836 - DataTransformer - INFO - Encoding categorical variables...
2025-12-03 19:22:11,836 - DataTransformer - INFO - Encoded 'priority' using label encoding
2025-12-03 19:22:11,837 - DataTransformer - INFO - Encoded 'severity' using label encoding
2025-12-03 19:22:11,837 - DataTransformer - INFO - Standardizing column names...
2025-12-03 19:22:11,837 - DataTransformer - INFO - Standardized 0 column names
2025-12-03 19:22:11,838 - DataTransformer - INFO - Transformation completed: 16 -> 40 columns
2025-12-03 19:22:11,838 - ETLPipeline - INFO - Transformation completed successfully
2025-12-03 19:22:11,839 - ETLPipeline - INFO - Columns: 40 -> 40
2025-12-03 19:22:11,839 - ETLPipeline - INFO - ==================================================
2025-12-03 19:22:11,839 - ETLPipeline - INFO - STARTING VALIDATION STEP
2025-12-03 19:22:11,840 - ETLPipeline - INFO - ==================================================
2025-12-03 19:22:11,840 - DataValidator - INFO - Starting data validation pipeline...
2025-12-03 19:22:11,841 - DataValidator - INFO - Validating required fields...
2025-12-03 19:22:11,844 - DataValidator - INFO - Required fields validation: PASSED
2025-12-03 19:22:11,845 - DataValidator - INFO - Validating missing values...
2025-12-03 19:22:11,854 - DataValidator - WARNING - Column 'resolution_days' approaching missing value threshold: 19.97%
2025-12-03 19:22:11,870 - DataValidator - WARNING - Column 'resolved_year' approaching missing value threshold: 19.97%
2025-12-03 19:22:11,871 - DataValidator - WARNING - Column 'resolved_month' approaching missing value threshold: 19.97%
2025-12-03 19:22:11,873 - DataValidator - WARNING - Column 'resolved_day_of_week' approaching missing value threshold: 19.97%
2025-12-03 19:22:11,874 - DataValidator - WARNING - Column 'resolved_hour' approaching missing value threshold: 19.97%
2025-12-03 19:22:11,878 - DataValidator - ERROR - Column 'status_group' has 33.21% missing values (threshold: 20%)
2025-12-03 19:22:11,880 - DataValidator - INFO - Missing values validation: FAILED
2025-12-03 19:22:11,880 - DataValidator - INFO - Validating status values...
2025-12-03 19:22:11,884 - DataValidator - ERROR - Invalid status values found: ['New', 'On Hold']
2025-12-03 19:22:11,885 - DataValidator - INFO - Status 'In Progress': 8416 records (16.9%)
2025-12-03 19:22:11,885 - DataValidator - INFO - Status 'New': 8360 records (16.8%)
2025-12-03 19:22:11,885 - DataValidator - INFO - Status 'Closed': 8308 records (16.7%)
2025-12-03 19:22:11,886 - DataValidator - INFO - Status 'Open': 8240 records (16.6%)
2025-12-03 19:22:11,886 - DataValidator - INFO - Status 'Resolved': 8208 records (16.5%)
2025-12-03 19:22:11,886 - DataValidator - INFO - Status 'On Hold': 8131 records (16.4%)
2025-12-03 19:22:11,886 - DataValidator - INFO - Status values validation: FAILED
2025-12-03 19:22:11,887 - DataValidator - INFO - Validating date rules...
2025-12-03 19:22:11,909 - DataValidator - ERROR - 3572 tickets have future resolved_at dates
2025-12-03 19:22:11,912 - DataValidator - INFO - Date rules validation: FAILED
2025-12-03 19:22:11,913 - DataValidator - INFO - Identifying outliers...
2025-12-03 19:22:11,923 - DataValidator - INFO - Outlier detection completed: 0 types of outliers found
2025-12-03 19:22:11,924 - DataValidator - INFO - Validation completed:
2025-12-03 19:22:11,924 - DataValidator - INFO -   - Overall result: FAILED
2025-12-03 19:22:11,925 - DataValidator - INFO -   - Data quality score: 60.0/100
2025-12-03 19:22:11,925 - DataValidator - INFO -   - Errors: 3
2025-12-03 19:22:11,925 - DataValidator - INFO -   - Warnings: 5
2025-12-03 19:22:11,928 - ETLPipeline - INFO - Validation completed: FAILED
2025-12-03 19:22:11,928 - ETLPipeline - INFO - Data quality score: 60.0/100
2025-12-03 19:22:11,928 - ETLPipeline - INFO - Detailed validation report saved: validation_report_20251203_192211.json
2025-12-03 19:22:11,929 - ETLPipeline - WARNING - Validation failed, but continuing pipeline...
2025-12-03 19:22:11,929 - ETLPipeline - INFO - Selecting final columns...
2025-12-03 19:22:11,962 - ETLPipeline - INFO - Selected 38 columns for final output
2025-12-03 19:22:11,962 - ETLPipeline - INFO - Final columns: ['ticket_id', 'subject', 'description', 'priority', 'status', 'category', 'severity', 'customer_id', 'assigned_agent', 'product', 'channel', 'origin', 'created_at', 'resolved_at', 'sla_breached', 'has_missing_critical', 'is_resolved', 'resolution_days', 'created_year', 'created_month', 'created_day_of_week', 'created_hour', 'created_quarter', 'resolved_year', 'resolved_month', 'resolved_day_of_week', 'resolved_hour', 'is_sla_breached', 'is_weekend_created', 'is_business_hours', 'subject_length', 'subject_word_count', 'description_length', 'description_word_count', 'priority_score', 'severity_score', 'status_group', 'age_days']
2025-12-03 19:22:11,964 - ETLPipeline - INFO - Saving processed data...
2025-12-03 19:22:12,188 - ETLPipeline - INFO - Saved processed data: support_tickets_processed_20251203_192211.parquet
2025-12-03 19:22:12,189 - ETLPipeline - INFO - File size: 2,075,629 bytes
2025-12-03 19:22:12,189 - ETLPipeline - INFO - Final dataset: 49,663 rows, 38 columns
2025-12-03 19:22:12,191 - ETLPipeline - INFO - Pipeline report saved: etl_pipeline_report_20251203_192212.json
2025-12-03 19:22:12,192 - ETLPipeline - INFO - ============================================================
2025-12-03 19:22:12,192 - ETLPipeline - INFO - ETL PIPELINE COMPLETED SUCCESSFULLY
2025-12-03 19:22:12,192 - ETLPipeline - INFO - ============================================================
2025-12-03 19:22:12,193 - ETLPipeline - INFO - Input: 50,000 rows
2025-12-03 19:22:12,193 - ETLPipeline - INFO - Output: 49,663 rows
2025-12-03 19:22:12,194 - ETLPipeline - INFO - Processed file: D:\September-AI\Pipeline-Project\data\processed\support_tickets_processed_20251203_192211.parquet
