2025-12-03 19:21:39,186 - ETLPipeline - INFO - ============================================================
2025-12-03 19:21:39,187 - ETLPipeline - INFO - STARTING ETL PIPELINE
2025-12-03 19:21:39,188 - ETLPipeline - INFO - ============================================================
2025-12-03 19:21:39,189 - ETLPipeline - INFO - Pipeline ID: etl_20251203_192139
2025-12-03 19:21:39,189 - ETLPipeline - INFO - Configuration: config.yaml
2025-12-03 19:21:39,190 - ETLPipeline - INFO - Loading source data...
2025-12-03 19:21:39,370 - ETLPipeline - INFO - Loaded 50,000 rows from SupportTickets_50k.csv
2025-12-03 19:21:39,370 - ETLPipeline - INFO - Columns: ['ticket_id', 'subject', 'description', 'priority', 'status', 'category', 'origin', 'customer_id', 'assigned_agent', 'created_at', 'resolved_at', 'sla_breached', 'product', 'channel', 'severity']
2025-12-03 19:21:39,396 - ETLPipeline - INFO - ==================================================
2025-12-03 19:21:39,396 - ETLPipeline - INFO - STARTING CLEANING STEP
2025-12-03 19:21:39,397 - ETLPipeline - INFO - ==================================================
2025-12-03 19:21:39,398 - DataCleaner - INFO - Starting data cleaning pipeline...
2025-12-03 19:21:39,398 - DataCleaner - INFO - Removing impossible data...
2025-12-03 19:21:39,609 - DataCleaner - INFO - Removed 337 records with impossible data:
2025-12-03 19:21:39,610 - DataCleaner - INFO -   - Date logic violations: 0
2025-12-03 19:21:39,610 - DataCleaner - INFO -   - Negative ticket IDs: 0
2025-12-03 19:21:39,610 - DataCleaner - INFO -   - Invalid dates: 337
2025-12-03 19:21:39,611 - DataCleaner - INFO - Handling missing values...
2025-12-03 19:21:39,617 - DataCleaner - INFO - Column 'description': 5055 missing values (10.18%)
2025-12-03 19:21:39,626 - DataCleaner - INFO - Column 'category': 7337 missing values (14.77%)
2025-12-03 19:21:39,633 - DataCleaner - INFO - Column 'assigned_agent': 14923 missing values (30.05%)
2025-12-03 19:21:39,634 - DataCleaner - INFO - Column 'resolved_at': 9916 missing values (19.97%)
2025-12-03 19:21:39,638 - DataCleaner - INFO - Column 'product': 9903 missing values (19.94%)
2025-12-03 19:21:39,659 - DataCleaner - INFO - Filled 14923 missing values in 'assigned_agent' with 'Unassigned'
2025-12-03 19:21:39,666 - DataCleaner - INFO - Filled 9903 missing values in 'product' with 'Unknown'
2025-12-03 19:21:39,673 - DataCleaner - INFO - Removing duplicates...
2025-12-03 19:21:39,753 - DataCleaner - INFO - Removed 0 duplicate records:
2025-12-03 19:21:39,754 - DataCleaner - INFO -   - Exact duplicate rows: 0
2025-12-03 19:21:39,755 - DataCleaner - INFO -   - Duplicate ticket IDs: 0
2025-12-03 19:21:39,757 - DataCleaner - INFO - Normalizing text fields...
2025-12-03 19:21:39,980 - DataCleaner - INFO - Total text normalization changes: 0
2025-12-03 19:21:39,981 - DataCleaner - INFO - Data cleaning completed: 50,000 -> 49,663 rows
2025-12-03 19:21:39,981 - ETLPipeline - INFO - Cleaning completed successfully
2025-12-03 19:21:39,982 - ETLPipeline - INFO - Rows: 50,000 -> 49,663
2025-12-03 19:21:39,986 - ETLPipeline - INFO - ==================================================
2025-12-03 19:21:39,986 - ETLPipeline - INFO - STARTING TRANSFORMATION STEP
2025-12-03 19:21:39,987 - ETLPipeline - INFO - ==================================================
2025-12-03 19:21:39,988 - DataTransformer - INFO - Starting data transformation pipeline...
2025-12-03 19:21:39,988 - DataTransformer - INFO - Converting data types...
2025-12-03 19:21:39,990 - DataTransformer - INFO - Converted 'ticket_id': int64 -> int
2025-12-03 19:21:39,992 - DataTransformer - INFO - Converted 'customer_id': int64 -> int
2025-12-03 19:21:40,007 - DataTransformer - INFO - Converted 'created_at': datetime64[ns, UTC] -> datetime
2025-12-03 19:21:40,016 - DataTransformer - INFO - Converted 'resolved_at': datetime64[ns, UTC] -> datetime
2025-12-03 19:21:40,017 - DataTransformer - INFO - Converted 'sla_breached': bool -> bool
2025-12-03 19:21:40,021 - DataTransformer - INFO - Converted 'subject': object -> string
2025-12-03 19:21:40,024 - DataTransformer - INFO - Converted 'description': object -> string
2025-12-03 19:21:40,028 - DataTransformer - INFO - Converted 'priority': object -> category
2025-12-03 19:21:40,035 - DataTransformer - INFO - Converted 'status': object -> category
2025-12-03 19:21:40,041 - DataTransformer - INFO - Converted 'category': object -> category
2025-12-03 19:21:40,046 - DataTransformer - INFO - Converted 'origin': object -> category
2025-12-03 19:21:40,049 - DataTransformer - INFO - Converted 'assigned_agent': object -> string
2025-12-03 19:21:40,053 - DataTransformer - INFO - Converted 'product': object -> category
2025-12-03 19:21:40,058 - DataTransformer - INFO - Converted 'channel': object -> category
2025-12-03 19:21:40,063 - DataTransformer - INFO - Converted 'severity': object -> category
2025-12-03 19:21:40,064 - DataTransformer - INFO - Creating derived columns...
2025-12-03 19:21:40,339 - ETLPipeline - ERROR - Transformation step failed: Cannot subtract tz-naive and tz-aware datetime-like objects
2025-12-03 19:21:40,340 - ETLPipeline - ERROR - ============================================================
2025-12-03 19:21:40,341 - ETLPipeline - ERROR - ETL PIPELINE FAILED
2025-12-03 19:21:40,341 - ETLPipeline - ERROR - ============================================================
2025-12-03 19:21:40,341 - ETLPipeline - ERROR - Error: Cannot subtract tz-naive and tz-aware datetime-like objects
2025-12-03 19:21:40,343 - ETLPipeline - INFO - Pipeline report saved: etl_pipeline_report_20251203_192140.json
